31.88539352,-0.8624710552,0.4396070497
31.92706019,-0.7002589859,0.4928447256
31.96872685,-0.5342737142,0.5403320957
32.01039352,-0.3684310697,0.5809557674
32.05206019,-0.2061767548,0.6143058862
32.09372685,-0.05044441185,0.6406952611
32.13539352,0.09635995312,0.6610864201
32.17706019,0.2323527043,0.6769364707
32.21872685,0.3561515565,0.6899820349
32.26039352,0.4668431446,0.701994826
32.30206019,0.5639426517,0.7145414444
32.34372685,0.6473481562,0.7287786289
32.38539352,0.7172917015,0.7453084341
32.42706019,0.7742886183,0.7641081656
32.46872685,0.819086348,0.7845392419
32.51039352,0.8526138824,0.8054291739
32.55206019,0.8759328751,0.8252128483
32.59372685,0.8901914506,0.8421139998
32.63539352,0.8965816866,0.8543452599
32.67706019,0.8963016267,0.8603051287
32.71872685,0.8905225044,0.8587520222
32.76039352,0.8803616222,0.8489385771
32.80206019,0.8668610519,0.8306932513
32.84372685,0.8509720435,0.8044407903
