32.05206019,1.510745004,3.701402571
32.09372685,1.520105523,3.805484291
32.13539352,1.582160823,3.871357736
32.17706019,1.686002086,3.903495639
32.21872685,1.808485117,3.918905573
32.26039352,1.92601763,3.92797848
32.30206019,2.023978504,3.931629192
32.34372685,2.095793441,3.928591264
32.38539352,2.135694985,3.921186666
32.42706019,2.135954997,3.914097219
32.46872685,2.094051327,3.909707717
32.51039352,2.023649603,3.90706845
32.55206019,1.957731259,3.905025696
32.59372685,1.938055356,3.904041023
32.63539352,1.995555793,3.904780882
32.67706019,2.131635609,3.906825741
32.71872685,2.309793822,3.909611163
32.76039352,2.464959531,3.913272649
32.80206019,2.532120783,3.917455838
32.84372685,2.481940764,3.921295015
32.88539352,2.338862832,3.927292746
32.92706019,2.165256154,3.943595755
32.96872685,2.022383958,3.976739278
33.01039352,1.938570965,4.019931568
