32.01039352,1.930433914,3.357174643
32.05206019,1.861297013,3.358273922
32.09372685,1.837274433,3.35965524
32.13539352,1.862151638,3.360857662
32.17706019,1.939266687,3.361751685
32.21872685,2.065937851,3.362505269
32.26039352,2.227039227,3.363170023
32.30206019,2.392208209,3.363464197
32.34372685,2.520761117,3.363069989
32.38539352,2.575535004,3.362078254
32.42706019,2.539937498,3.360982077
32.46872685,2.426676368,3.360199419
32.51039352,2.270684576,3.359781557
32.55206019,2.111281161,3.359655023
32.59372685,1.97687451,3.359903428
32.63539352,1.881207303,3.360624662
32.67706019,1.829209114,3.361631914
32.71872685,1.824236336,3.362507654
32.76039352,1.870351877,3.362998007
32.80206019,1.968686551,3.363225556
32.84372685,2.110880112,3.363423345
32.88539352,2.273968725,3.363555161
32.92706019,2.421130313,3.363348479
32.96872685,2.511388892,3.362708431
