33.3663888889,1.72514619869294,0.912759473887982
33.4080555556,1.72514619870476,0.912759473887982
33.4497222222,1.7251461987157,0.912759473887982
33.4913888889,1.72514619872575,0.912759473887982
33.5330555556,1.72514619873494,0.912759473887982
33.5747222222,1.72514619874329,0.912759473887982
33.6163888889,1.72514619875084,0.912759473887982
33.6580555556,1.72514619875766,0.912759473887982
33.6997222222,1.72514619876379,0.912759473887982
33.7413888889,1.72514619876931,0.912759473887982
33.7830555556,1.72514619877427,0.912759473887982
33.8247222222,1.72514619877874,0.912759473887982
33.8663888889,1.72514619878277,0.912759473887982
33.9080555556,1.72514619878641,0.912759473887982
33.9497222222,1.72514619878972,0.912759473887982
33.9913888889,1.72514619879272,0.912759473887982
34.0330555556,1.72514619879547,0.912759473887982
34.0747222222,1.72514619879798,0.912759473887982
34.1163888889,1.72514619880029,0.912759473887982
34.1580555556,1.72514619880241,0.912759473887982
34.1997222222,1.72514619880437,0.912759473887982
34.2413888889,1.72514619880619,0.912759473887982
34.2830555556,1.72514619880786,0.912759473887982
34.3247222222,1.72514619880941,0.912759473887982
