30.96872685,1.204289064,0.2116860114
31.01039352,1.209989898,0.2115611088
31.05206019,1.21361248,0.2113664533
31.09372685,1.212725222,0.211182073
31.13539352,1.206774353,0.2110985823
31.17706019,1.197848551,0.2111141462
31.21872685,1.189369624,0.211163649
31.26039352,1.183923318,0.211222135
31.30206019,1.182056299,0.2113143889
31.34372685,1.182607164,0.2114422505
31.38539352,1.183876612,0.2115454238
31.42706019,1.184733921,0.2115583828
31.46872685,1.185086583,0.2114980788
31.51039352,1.185550533,0.2114601628
31.55206019,1.186677979,0.2115103602
31.59372685,1.188428725,0.2116140133
31.63539352,1.190265257,0.2116995339
31.67706019,1.191599336,0.2117407441
31.71872685,1.192087131,0.2117512008
31.76039352,1.191632179,0.2117415593
31.80206019,1.190334512,0.2117018241
31.84372685,1.188561188,0.2116178604
31.88539352,1.186984184,0.2115140248
31.92706019,1.186333741,0.2114630896
