32.05206019,6.43440958,10.81110652
32.09372685,7.452555874,10.83947586
32.13539352,8.175775904,10.79049712
32.17706019,8.657101153,10.69197877
32.21872685,9.067281677,10.58707837
32.26039352,9.634491269,10.51114247
32.30206019,10.53098063,10.47425287
32.34372685,11.75323133,10.4643892
32.38539352,13.06007357,10.46529841
32.42706019,14.01757595,10.46810662
32.46872685,14.15063802,10.47056138
32.51039352,13.14240609,10.47422973
32.55206019,10.98894959,10.4823912
32.59372685,8.031899777,10.49387529
32.63539352,4.850440183,10.50278029
32.67706019,2.062929162,10.51648686
32.71872685,0.1281663455,10.56739301
32.76039352,-0.7727347907,10.67892065
32.80206019,-0.7396222022,10.81217176
32.84372685,-0.061110796,10.8773963
32.88539352,0.9208421817,10.82216577
32.92706019,1.933991081,10.68989189
32.96872685,2.84793135,10.57071671
33.01039352,3.680088093,10.51219734
