32.05206019,2.319093043,1.643319215
32.09372685,2.89828565,1.641640771
32.13539352,3.077404255,1.626432811
32.17706019,2.858985049,1.592166699
32.21872685,2.234569569,1.628474909
32.26039352,1.967424377,1.676457365
32.30206019,2.155899288,1.679393416
32.34372685,2.701865896,1.698884594
32.38539352,2.969993166,1.6445553
32.42706019,2.779975708,1.642123036
32.46872685,2.155880386,1.739579443
32.51039352,1.9554839,1.904298197
32.55206019,2.181029338,1.835396181
32.59372685,2.222877019,1.821505932
32.63539352,2.049994562,1.939722677
32.67706019,1.951485083,1.959591322
32.71872685,1.888364159,1.953567691
32.76039352,1.739882667,1.869893323
32.80206019,1.668143445,1.795682682
32.84372685,1.790290636,1.920156469
32.88539352,1.804109345,1.930262247
32.92706019,1.693163477,1.805139457
32.96872685,1.743745872,1.758930115
33.01039352,1.753720354,1.755919845
