32.05206019,1.310263359,0.5583914017
32.09372685,1.296028923,0.5579457206
32.13539352,1.285463913,0.5573551131
32.17706019,1.280301435,0.5571497671
32.21872685,1.281570412,0.5578536051
32.26039352,1.289386866,0.5596902724
32.30206019,1.302933776,0.5623821397
32.34372685,1.320617556,0.5651905737
32.38539352,1.340358093,0.5672269438
32.42706019,1.359948196,0.5678918049
32.46872685,1.377410771,0.5671967554
32.51039352,1.391288928,0.5657772377
32.55206019,1.400823718,0.564589038
32.59372685,1.406001453,0.5644697461
32.63539352,1.407480747,0.5658083929
32.67706019,1.406431778,0.5684686969
32.71872685,1.404331274,0.5719398165
32.76039352,1.402754559,0.5755732735
32.80206019,1.403192731,0.5787730223
32.84372685,1.406905004,0.5810964838
32.88539352,1.414801565,0.5823010311
32.92706019,1.427347958,0.582375129
32.96872685,1.444489653,0.5815507041
33.01039352,1.465610257,0.580267278
