32.09372685,6.390900386,10.00833046
32.13539352,6.785049272,10.13141665
32.17706019,6.879431456,10.23775276
32.21872685,6.712247666,10.3292231
32.26039352,6.403926195,10.40916699
32.30206019,6.117797882,10.48009001
32.34372685,5.995172542,10.54253515
32.38539352,6.085508921,10.59593581
32.42706019,6.306847025,10.64029268
32.46872685,6.470124463,10.67660484
32.51039352,6.367474467,10.70615984
32.55206019,5.878001229,10.73052024
32.59372685,5.027358162,10.75328485
32.63539352,3.969096483,10.78198702
32.67706019,2.909485777,10.82567943
32.71872685,2.028245349,10.88640621
32.76039352,1.43589544,10.95136733
32.80206019,1.173529363,10.99543531
32.84372685,1.235186206,10.99591287
32.88539352,1.590510982,10.95093085
32.92706019,2.196148376,10.8847936
32.96872685,2.994392649,10.83010438
33.01039352,3.904336962,10.80288953
33.05206019,4.816943456,10.79727299
