32.09372685,1.777770926,2.120461068
32.13539352,1.778733954,2.120739315
32.17706019,1.779759503,2.121024989
32.21872685,1.780844529,2.121316618
32.26039352,1.781985831,2.121612745
32.30206019,1.783180063,2.12191194
32.34372685,1.784423755,2.122212812
32.38539352,1.785713323,2.122514019
32.42706019,1.787045091,2.122814274
32.46872685,1.788415307,2.123112358
32.51039352,1.78982016,2.123407122
32.55206019,1.791255803,2.123697498
32.59372685,1.792718363,2.1239825
32.63539352,1.794203969,2.124261228
32.67706019,1.795708759,2.124532875
32.71872685,1.797228903,2.124796723
32.76039352,1.798760614,2.125052146
32.80206019,1.800300167,2.12529861
32.84372685,1.80184391,2.125535672
32.88539352,1.803388283,2.125762977
32.92706019,1.804929826,2.125980253
32.96872685,1.8064652,2.126187313
33.01039352,1.807991192,2.126384044
33.05206019,1.809504728,2.126570409
