32.09372685,3.503285362,4.441940073
32.13539352,3.335011502,4.446059755
32.17706019,3.159687179,4.452125321
32.21872685,3.005487571,4.458500048
32.26039352,2.893747409,4.464127733
32.30206019,2.834119367,4.468552137
32.34372685,2.822941514,4.47123502
32.38539352,2.845090868,4.471540254
32.42706019,2.878447807,4.469518439
32.46872685,2.899987523,4.466207652
32.51039352,2.892555156,4.462816787
32.55206019,2.851031012,4.459820893
32.59372685,2.786068794,4.457117783
32.63539352,2.723414343,4.454867601
32.67706019,2.697556349,4.45376176
32.71872685,2.740474784,4.454357461
32.76039352,2.869014325,4.456300751
32.80206019,3.076257275,4.458294301
32.84372685,3.331430915,4.458913856
32.88539352,3.589123902,4.457622185
32.92706019,3.803784897,4.455032402
32.96872685,3.94263448,4.452215907
33.01039352,3.991509453,4.45003954
33.05206019,3.953184406,4.449316004
