32.09372685,12.48808478,37.39695288
32.13539352,13.79878949,38.88295918
32.17706019,14.54877204,39.72571939
32.21872685,14.94375981,40.11171646
32.26039352,15.09094143,40.26596181
32.30206019,14.9527785,40.31844232
32.34372685,14.44634891,40.32258971
32.38539352,13.5911692,40.30292373
32.42706019,12.60873453,40.28094731
32.46872685,11.90728194,40.27174263
32.51039352,11.92170227,40.27519344
32.55206019,12.85541294,40.28950736
32.59372685,14.47339056,40.32135262
32.63539352,16.11847406,40.36342016
32.67706019,16.99416757,40.38965235
32.71872685,16.56039823,40.41999902
32.76039352,14.79986717,40.60944209
32.80206019,12.21032822,41.21107264
32.84372685,9.56479149,42.27495862
32.88539352,7.600144436,43.3632333
32.92706019,6.779731558,43.94042373
32.96872685,7.186519585,44.23696259
33.01039352,8.541560883,45.24266698
33.05206019,10.33470711,47.55772622
