31.63539352,1.597366767,1.557817689
31.67706019,1.629289008,1.551904498
31.71872685,1.649303412,1.526282448
31.76039352,1.661093773,1.497594875
31.80206019,1.669175156,1.479456327
31.84372685,1.677241884,1.474148384
31.88539352,1.687259818,1.477780898
31.92706019,1.699569282,1.487526913
31.96872685,1.713495097,1.501156261
32.01039352,1.72760385,1.513368044
32.05206019,1.739212272,1.518036862
32.09372685,1.743823213,1.515097023
32.13539352,1.736033857,1.512137637
32.17706019,1.713196283,1.516653079
32.21872685,1.681401178,1.527308832
32.26039352,1.660991903,1.535008489
32.30206019,1.687417101,1.533013593
32.34372685,1.804184395,1.524073228
32.38539352,2.048049789,1.516509757
32.42706019,2.430888281,1.515038476
32.46872685,2.925717912,1.517085009
32.51039352,3.46427159,1.517021046
32.55206019,3.949781134,1.512105325
32.59372685,4.282419024,1.504128258
