32.09372685,42.55693865,432.5950793
32.13539352,47.70670195,511.2966306
32.17706019,53.99852202,602.7372124
32.21872685,62.42554466,695.7920753
32.26039352,73.43246486,779.851318
32.30206019,86.60619064,847.8968742
32.34372685,100.5880884,897.5594081
32.38539352,113.2545765,930.3251255
32.42706019,122.1457032,949.863263
32.46872685,125.0488366,960.4182105
32.51039352,120.5892057,965.7483162
32.55206019,108.6617086,968.6574597
32.59372685,90.57031678,970.9457994
32.63539352,68.8181881,973.5687888
32.67706019,46.59225097,976.8513997
32.71872685,27.07801061,980.6922495
32.76039352,12.79103689,984.7578046
32.80206019,5.102358335,988.6772775
32.84372685,4.070260894,992.2194644
32.88539352,8.596638861,995.4117556
32.92706019,16.83675118,998.5729796
32.96872685,26.73436784,1002.254767
33.01039352,36.53979555,1007.097818
33.05206019,45.18949604,1013.620794
