32.09372685,3.137593675,66.72201442
32.13539352,4.976311914,76.72503127
32.17706019,9.422861342,83.27730757
32.21872685,16.53156786,85.33282529
32.26039352,25.30617967,84.3534159
32.30206019,34.131758,82.57682515
32.34372685,41.57775772,81.43986214
32.38539352,47.1024749,81.16261251
32.42706019,51.17203823,81.34387769
32.46872685,54.64955424,81.64391942
32.51039352,57.83349549,81.94590434
32.55206019,59.84844884,82.20834595
32.59372685,58.91952375,82.39340019
32.63539352,53.4579838,82.49289125
32.67706019,43.27517805,82.52365839
32.71872685,30.09378241,82.48932538
32.76039352,16.97151888,82.37501461
32.80206019,6.972708893,82.17922688
32.84372685,1.897067145,81.93384002
32.88539352,1.783220847,81.69139081
32.92706019,5.349027388,81.50164651
32.96872685,10.92949475,81.39489844
33.01039352,17.23938377,81.36995448
33.05206019,23.54576773,81.39332309
