32.09372685,8.676440684,30.86286677
32.13539352,9.620099201,31.24585189
32.17706019,10.57845415,31.43977363
32.21872685,11.55011203,31.50728714
32.26039352,12.50084246,31.52348964
32.30206019,13.36576718,31.52800409
32.34372685,14.06594356,31.52573424
32.38539352,14.52623135,31.50131276
32.42706019,14.67850523,31.42909398
32.46872685,14.45288255,31.28533193
32.51039352,13.78150568,31.07943757
32.55206019,12.63296219,30.88542193
32.59372685,11.06229625,30.8103638
32.63539352,9.237719977,30.89313862
32.67706019,7.41493578,31.049633
32.71872685,5.863531313,31.16628246
32.76039352,4.782099756,31.23905164
32.80206019,4.248045683,31.34842858
32.84372685,4.224796707,31.49735091
32.88539352,4.608678705,31.58703709
32.92706019,5.276830826,31.60294321
32.96872685,6.114879942,31.72171376
33.01039352,7.03169739,32.14062491
33.05206019,7.972114058,32.84138685
