32.09372685,24.59903282,86.68483062
32.13539352,28.92160673,95.78986052
32.17706019,33.02403922,103.0200016
32.21872685,36.3782293,107.5497535
32.26039352,38.73858217,109.9680562
32.30206019,40.18149657,111.1489306
32.34372685,40.92525348,111.6948942
32.38539352,41.0896355,111.9191408
32.42706019,40.54312055,111.9701354
32.46872685,38.93778407,111.9258277
32.51039352,35.91964827,111.839691
32.55206019,31.37817075,111.756214
32.59372685,25.57815502,111.7115292
32.63539352,19.11577365,111.7289278
32.67706019,12.75861433,111.8145106
32.71872685,7.27126573,111.9563429
32.76039352,3.28231457,112.1305883
32.80206019,1.192716843,112.318226
32.84372685,1.129618059,112.5358245
32.88539352,2.972920196,112.875271
32.92706019,6.437606375,113.5093508
32.96872685,11.12791486,114.5908001
33.01039352,16.5289814,116.0846348
33.05206019,22.02648214,117.7404255
