31.84372685,1.376893973,0.6613471306
31.88539352,1.417001191,0.6612249403
31.92706019,1.476009966,0.6603992981
31.96872685,1.551421062,0.6589675774
32.01039352,1.632554098,0.657532355
32.05206019,1.702961528,0.6567088691
32.09372685,1.746230173,0.6566586646
32.13539352,1.752066486,0.6570502163
32.17706019,1.719323964,0.6573739323
32.21872685,1.655040411,0.6573575947
32.26039352,1.571036095,0.6571705228
32.30206019,1.480137832,0.6572573787
32.34372685,1.393331473,0.6579502235
32.38539352,1.31839798,0.6591935493
32.42706019,1.259911666,0.6606495936
32.46872685,1.219833805,0.6620722775
32.51039352,1.197917839,0.663476496
32.55206019,1.191827623,0.6648868222
32.59372685,1.197440578,0.6660723122
32.63539352,1.209709261,0.6666896619
32.67706019,1.22396815,0.6665919815
32.71872685,1.237188912,0.6658028823
32.76039352,1.24859927,0.6642848781
32.80206019,1.259307007,0.6620760062
