21.51039352,1.203056374,9540.607205
21.55206019,1.226390804,9983.324714
21.59372685,1.251510972,10430.98028
21.63539352,1.27830385,10882.80207
21.67706019,1.306637918,11337.96596
21.71872685,1.336364156,11795.60377
21.76039352,1.367317137,12254.81237
21.80206019,1.399316227,12714.66356
21.84372685,1.432166865,13174.21423
21.88539352,1.465661927,13632.51669
21.92706019,1.499583156,14088.62882
21.96872685,1.533702659,14541.62387
22.01039352,1.567784456,14990.5996
22.05206019,1.601586071,15434.68662
22.09372685,1.634860169,15873.05578
22.13539352,1.667356219,16304.92437
22.17706019,1.698822187,16729.56124
22.21872685,1.729006246,17146.29045
22.26039352,1.757658489,17554.4938
22.30206019,1.784532664,17953.61199
22.34372685,1.809387886,18343.14444
22.38539352,1.831990354,18722.64804
22.42706019,1.852115045,19091.7348
22.46872685,1.869547377,19450.0684
