31.92706019,1.179186879,0.8040067545
31.96872685,1.17835853,0.804988225
32.01039352,1.177932806,0.8059307081
32.05206019,1.177855878,0.8068181131
32.09372685,1.178072743,0.8076358204
32.13539352,1.178527907,0.8083709551
32.17706019,1.179166063,0.8090125885
32.21872685,1.17993275,0.8095518673
32.26039352,1.180775005,0.8099820702
32.30206019,1.18164198,0.8102986001
32.34372685,1.18248553,0.8104989172
32.38539352,1.183260759,0.8105824257
32.42706019,1.183926517,0.8105503252
32.46872685,1.184445847,0.8104054401
32.51039352,1.184786368,0.8101520399
32.55206019,1.184920602,0.8097956612
32.59372685,1.184826224,0.8093429428
32.63539352,1.184486254,0.8088014798
32.67706019,1.183889168,0.8081797032
32.71872685,1.183028942,0.8074867853
32.76039352,1.181905019,0.8067325711
32.80206019,1.180522216,0.8059275309
32.84372685,1.178890549,0.8050827282
32.88539352,1.177025004,0.8042097956
