32.01039352,2.811880524,1.175207518
32.05206019,1.594255776,1.160982594
32.09372685,1.64566486,1.163107966
32.13539352,1.729780749,1.162965289
32.17706019,1.869032021,1.144647839
32.21872685,1.847406202,1.14675992
32.26039352,1.824307496,1.154092924
32.30206019,1.184072324,1.197045017
32.34372685,1.47829821,1.183165387
32.38539352,2.058325817,1.270690684
32.42706019,1.775133047,1.173105968
32.46872685,1.660525538,1.250839442
32.51039352,1.706864529,1.186705798
32.55206019,1.74306798,1.194752267
32.59372685,-0.3187035104,1.319276866
32.63539352,-0.9094228471,1.55129411
32.67706019,-0.4774050764,1.674405102
32.71872685,-0.3153128898,2.001526586
32.76039352,-0.8429867747,1.31322628
32.80206019,-0.9604496105,1.211414818
32.84372685,0.8171923042,1.241620289
32.88539352,1.601599422,1.155204921
32.92706019,1.548440193,1.17060498
32.96872685,1.845141753,1.170505209
