32.09372685,4.683465764,10.29069849
32.13539352,4.948716196,10.32768008
32.17706019,5.171469661,10.35387809
32.21872685,5.407423924,10.37052035
32.26039352,5.70960913,10.37962542
32.30206019,6.122514313,10.38398398
32.34372685,6.662097784,10.3859059
32.38539352,7.278190448,10.38587391
32.42706019,7.828507756,10.3830566
32.46872685,8.106323985,10.37710457
32.51039352,7.928381825,10.3694021
32.55206019,7.233200284,10.36279016
32.59372685,6.122001786,10.36045845
32.63539352,4.816307962,10.36574492
32.67706019,3.56654491,10.38216081
32.71872685,2.570407909,10.40981281
32.76039352,1.936640995,10.43977524
32.80206019,1.690565222,10.45684527
32.84372685,1.796476639,10.45354783
32.88539352,2.17735871,10.43987605
32.92706019,2.729414792,10.43531431
32.96872685,3.339034182,10.45195965
33.01039352,3.906062324,10.48669271
33.05206019,4.367000895,10.52722283
