32.09372685,5.76902982,34.76582222
32.13539352,7.273395122,35.25600882
32.17706019,8.806358748,35.48234118
32.21872685,9.960520044,35.55595459
32.26039352,10.41149377,35.57271094
32.30206019,10.09786259,35.57475928
32.34372685,9.228153217,35.57506831
32.38539352,8.10928496,35.57827198
32.42706019,6.959999122,35.57808221
32.46872685,5.876061522,35.5457191
32.51039352,4.931241687,35.44556624
32.55206019,4.247234937,35.29517792
32.59372685,3.932034557,35.25015016
32.63539352,3.968413156,35.67239413
32.67706019,4.194008143,36.99406033
32.71872685,4.400428185,39.18166383
32.76039352,4.455581652,41.2894135
32.80206019,4.353768777,42.0016056
32.84372685,4.18162742,40.87552962
32.88539352,4.04934846,38.80377692
32.92706019,4.04068156,37.15470636
32.96872685,4.208305936,36.69901747
33.01039352,4.602846855,37.34279018
33.05206019,5.287485093,38.50200934
