31.05206019,-1.950867506,53164.80378
31.09372685,-1.936578579,53424.5552
31.13539352,-1.921487021,53683.70906
31.17706019,-1.905606341,53942.06981
31.21872685,-1.888950915,54199.43897
31.26039352,-1.871536849,54455.61097
31.30206019,-1.853382735,54710.37024
31.34372685,-1.834510292,54963.48961
31.38539352,-1.814944874,55214.72994
31.42706019,-1.794715822,55463.84094
31.46872685,-1.773856668,55710.5629
31.51039352,-1.752405177,55954.62929
31.55206019,-1.730403233,56195.77004
31.59372685,-1.707896564,56433.71519
31.63539352,-1.684934331,56668.19905
31.67706019,-1.661568575,56898.96436
31.71872685,-1.637853552,57125.76673
31.76039352,-1.613844971,57348.37887
31.80206019,-1.589599149,57566.5949
31.84372685,-1.565172123,57780.23435
31.88539352,-1.540618725,57989.146
31.92706019,-1.515991663,58193.21142
31.96872685,-1.491340621,58392.34805
32.01039352,-1.466711422,58586.51192
