32.05206019,9.415460166,55756.23837
32.09372685,9.425075064,56122.77988
32.13539352,9.41959293,56488.23912
32.17706019,9.398762924,56852.39978
32.21872685,9.362433071,57215.07066
32.26039352,9.310552353,57576.08065
32.30206019,9.24317152,57935.27416
32.34372685,9.160442621,58292.50703
32.38539352,9.062617287,58647.64292
32.42706019,8.950043833,59000.55016
32.46872685,8.823163246,59351.09903
32.51039352,8.682504152,59699.15934
32.55206019,8.528676859,60044.59832
32.59372685,8.362366612,60387.27862
32.63539352,8.184326166,60727.05642
32.67706019,7.995367819,61063.77949
32.71872685,7.796355041,61397.28524
32.76039352,7.588193842,61727.39866
32.80206019,7.371823993,62053.93017
32.84372685,7.148210269,62376.67334
32.88539352,6.918333797,62695.40263
32.92706019,6.683183657,63009.87112
32.96872685,6.443748834,63319.80836
33.01039352,6.201010605,63624.91847
