33.2413888889,1.14285713739972,0.322448981940831
33.2830555556,1.14285713765654,0.322448981940831
33.3247222222,1.14285713791904,0.322448981940831
33.3663888889,1.14285713818613,0.322448981940831
33.4080555556,1.14285713845646,0.322448981940831
33.4497222222,1.14285713872842,0.322448981940831
33.4913888889,1.14285713900024,0.322448981940831
33.5330555556,1.14285713927008,0.322448981940831
33.5747222222,1.14285713953607,0.322448981940831
33.6163888889,1.14285713979637,0.322448981940831
33.6580555556,1.14285714004928,0.322448981940831
33.6997222222,1.14285714029323,0.322448981940831
33.7413888889,1.14285714052685,0.322448981940831
33.7830555556,1.14285714074898,0.322448981940831
33.8247222222,1.14285714095873,0.322448981940831
33.8663888889,1.14285714115541,0.322448981940831
33.9080555556,1.1428571413386,0.322448981940831
33.9497222222,1.14285714150811,0.322448981940831
33.9913888889,1.14285714166396,0.322448981940831
34.0330555556,1.14285714180635,0.322448981940831
34.0747222222,1.14285714193567,0.322448981940831
34.1163888889,1.14285714205241,0.322448981940831
34.1580555556,1.1428571421572,0.322448981940831
34.1997222222,1.14285714225074,0.322448981940831
