32.05206019,5.565204312,83.90336002
32.09372685,5.236312457,99.6707979
32.13539352,4.961254402,105.8189464
32.17706019,5.616889343,107.3202416
32.21872685,6.773122746,107.5195058
32.26039352,6.964149825,107.4954436
32.30206019,5.793083706,107.4519543
32.34372685,5.506228438,107.4264627
32.38539352,8.999004726,107.4195915
32.42706019,15.58567647,107.3935591
32.46872685,20.26959082,107.2977263
32.51039352,18.73340611,107.1947563
32.55206019,12.16687361,107.1977495
32.59372685,5.654320938,107.2979549
32.63539352,2.553925312,107.501024
32.67706019,2.156573419,108.0180351
32.71872685,2.277524477,108.8107688
32.76039352,2.026640035,109.2449222
32.80206019,1.722908437,108.8564305
32.84372685,1.702455145,108.2419412
32.88539352,2.097103223,107.9441252
32.92706019,3.079308163,107.7824377
32.96872685,4.538140608,107.7351112
33.01039352,5.756819406,107.8531449
