32.09372685,8.720812142,22.81160281
32.13539352,9.458711127,22.9075747
32.17706019,10.09169385,22.98898298
32.21872685,10.76329544,23.05690913
32.26039352,11.59078241,23.11464469
32.30206019,12.6167943,23.16510438
32.34372685,13.77555688,23.20995105
32.38539352,14.88696396,23.2498699
32.42706019,15.68770346,23.2852124
32.46872685,15.89791679,23.31657604
32.51039352,15.30746511,23.34515041
32.55206019,13.85432534,23.37287531
32.59372685,11.66589726,23.40263451
32.63539352,9.044919043,23.43838121
32.67706019,6.401562035,23.48434252
32.71872685,4.153337808,23.54275188
32.76039352,2.625587414,23.61176374
32.80206019,1.983072173,23.68683434
32.84372685,2.20978084,23.76628171
32.88539352,3.13650006,23.85631643
32.92706019,4.501459486,23.96933227
32.96872685,6.022848093,24.11518587
33.01039352,7.463395335,24.29265238
33.05206019,8.673737111,24.48853009
