30.88539352,-0.2456829883,46552.6859
30.92706019,-0.2512661224,46575.96569
30.96872685,-0.2571860567,46596.96459
31.01039352,-0.263418854,46615.67917
31.05206019,-0.2699416095,46632.1091
31.09372685,-0.2767324533,46646.25711
31.13539352,-0.2837705367,46658.12908
31.17706019,-0.2910360021,46667.73396
31.21872685,-0.2985099405,46675.08383
31.26039352,-0.3061743344,46680.19383
31.30206019,-0.3140119904,46683.08219
31.34372685,-0.3220064614,46683.77028
31.38539352,-0.3301419602,46682.28263
31.42706019,-0.3384032655,46678.64703
31.46872685,-0.3467756219,46672.89469
31.51039352,-0.3552446354,46665.06036
31.55206019,-0.3637961655,46655.18261
31.59372685,-0.372416214,46643.30405
31.63539352,-0.3810908146,46629.47166
31.67706019,-0.3898059215,46613.73714
31.71872685,-0.3985472997,46596.15732
31.76039352,-0.4073004185,46576.79456
31.80206019,-0.4160503483,46555.71724
31.84372685,-0.4247816628,46533.00022
