19.46872685,-0.9303507779,5854.465889
19.51039352,-0.927094761,6244.221683
19.55206019,-0.9239147462,6638.000161
19.59372685,-0.9208195606,7034.927695
19.63539352,-0.9178173325,7434.15367
19.67706019,-0.9149154912,7834.852983
19.71872685,-0.9121207714,8236.228221
19.76039352,-0.9094392227,8637.51156
19.80206019,-0.9068762231,9037.966358
19.84372685,-0.9044364971,9436.88845
19.88539352,-0.9021241371,9833.607176
19.92706019,-0.8999426286,10227.48613
19.96872685,-0.8978948775,10617.92364
20.01039352,-0.8959832403,11004.35304
20.05206019,-0.8942095562,11386.24265
20.09372685,-0.8925751808,11763.09561
20.13539352,-0.8910810211,12134.44946
20.17706019,-0.8897275706,12499.87558
20.21872685,-0.8885149457,12858.97846
20.26039352,-0.8874429221,13211.3948
20.30206019,-0.8865109697,13556.79253
20.34372685,-0.8857182888,13894.86968
20.38539352,-0.8850638443,14225.35315
20.42706019,-0.884546399,14547.99747
