32.09372685,2.385292104,4.253382023
32.13539352,2.332290659,4.252550546
32.17706019,2.22579033,4.252430559
32.21872685,2.103433433,4.253543588
32.26039352,2.009825276,4.255760242
32.30206019,1.976953896,4.258835677
32.34372685,2.010550899,4.262460085
32.38539352,2.087615656,4.265808974
32.42706019,2.166236673,4.267718888
32.46872685,2.204818713,4.267626454
32.51039352,2.183484773,4.265953015
32.55206019,2.11697403,4.263621165
32.59372685,2.049958944,4.261667969
32.63539352,2.034801273,4.260871294
32.67706019,2.103627698,4.260999586
32.71872685,2.251607639,4.26090802
32.76039352,2.441259806,4.260109157
32.80206019,2.623718509,4.259543066
32.84372685,2.763209663,4.259841271
32.88539352,2.851824884,4.259700029
32.92706019,2.909480193,4.25732997
32.96872685,2.971124742,4.252944683
33.01039352,3.067022415,4.248611605
33.05206019,3.204320309,4.246108891
