32.05206019,1.550386623,1.293780888
32.09372685,1.648844133,1.297107761
32.13539352,1.652910489,1.292051489
32.17706019,1.576040779,1.290271315
32.21872685,1.694246574,1.30512445
32.26039352,1.684990611,1.307106388
32.30206019,1.492708729,1.298028552
32.34372685,1.456868439,1.295385436
32.38539352,1.614456547,1.296301095
32.42706019,1.81835389,1.294699325
32.46872685,2.020126151,1.296682492
32.51039352,2.506343151,1.301362071
32.55206019,2.817827222,1.302233531
32.59372685,2.285590558,1.303882317
32.63539352,1.851083598,1.300976248
32.67706019,1.97722153,1.298839817
32.71872685,2.033153989,1.29204457
32.76039352,1.812254892,1.286354463
32.80206019,1.740837242,1.289528248
32.84372685,1.718717633,1.297638008
32.88539352,1.632998325,1.29219238
32.92706019,1.559712931,1.291568098
32.96872685,1.594220104,1.297844266
33.01039352,1.682499212,1.29527123
