32.05206019,2.148594881,2.012877725
32.09372685,2.408236494,2.001181926
32.13539352,2.503890189,2.008919927
32.17706019,2.655078672,2.00368071
32.21872685,2.611881399,2.000877801
32.26039352,2.445053922,2.020824468
32.30206019,2.044085837,2.027596088
32.34372685,1.606319762,2.021401772
32.38539352,1.603099468,2.012188432
32.42706019,1.757086698,2.018797541
32.46872685,1.674752573,2.007815782
32.51039352,1.650170929,2.009672176
32.55206019,1.685077556,2.018451598
32.59372685,1.55347378,2.018598331
32.63539352,1.558512587,2.014998374
32.67706019,1.65739204,2.007148773
32.71872685,1.657824122,2.007351588
32.76039352,1.942737744,2.017625748
32.80206019,2.332336856,2.003477151
32.84372685,2.45083076,2.005695598
32.88539352,2.595949716,2.007731194
32.92706019,2.657100655,1.999517194
32.96872685,2.536219919,2.010563785
33.01039352,2.264681533,2.027309419
