29.04166667,23.01274409,197.2871158
29.08333333,22.96625335,197.3663268
29.125,22.91704014,197.4521338
29.16666667,22.86530678,197.5447004
29.20833333,22.81125398,197.6441555
29.25,22.75508008,197.75059
29.29166667,22.69698043,197.8640537
29.33333333,22.63714679,197.9845536
29.375,22.57576694,198.1120521
29.41666667,22.51302418,198.2464652
29.45833333,22.4490971,198.3876623
29.5,22.38415926,198.5354658
29.54166667,22.31837907,198.6896518
29.58333333,22.25191961,198.8499506
29.625,22.18493859,199.0160489
29.66666667,22.11758835,199.1875919
29.70833333,22.05001588,199.3641855
29.75,21.98236287,199.5454004
29.79166667,21.91476587,199.7307749
29.83333333,21.84735638,199.9198197
29.875,21.78026105,200.1120218
29.91666667,21.71360184,200.3068496
29.95833333,21.64749625,200.5037574
30,21.5820575,200.7021907
