29.96872685,-5.538390157,4907.977002
30.01039352,-5.894383787,5429.895577
30.05206019,-6.260833488,5968.773706
30.09372685,-6.636849934,6522.618318
30.13539352,-7.021357991,7089.413193
30.17706019,-7.413098341,7667.140552
30.21872685,-7.810632348,8253.801647
30.26039352,-8.212350187,8847.436147
30.30206019,-8.616482152,9446.14007
30.34372685,-9.02111298,10048.08207
30.38539352,-9.42419901,10651.51796
30.42706019,-9.823587881,11254.80326
30.46872685,-10.21704045,11856.40378
30.51039352,-10.60225457,12454.90401
30.55206019,-10.97689027,13049.0134
30.59372685,-11.33859598,13637.57039
30.63539352,-11.68503522,14219.54438
30.67706019,-12.01391342,14794.03547
30.71872685,-12.3230043,15360.27233
30.76039352,-12.61017538,15917.60809
30.80206019,-12.87341226,16465.51461
30.84372685,-13.11084114,17003.57529
30.88539352,-13.3207494,17531.47653
30.92706019,-13.50160371,18048.99831
