32.01039352,1.606114295,1.480440921
32.05206019,1.61291187,1.484511868
32.09372685,1.619576526,1.488447082
32.13539352,1.626083574,1.492226552
32.17706019,1.632405887,1.495832984
32.21872685,1.638514299,1.499251649
32.26039352,1.644378133,1.502470294
32.30206019,1.649965818,1.505479107
32.34372685,1.655245538,1.508270686
32.38539352,1.660185869,1.510839998
32.42706019,1.664756382,1.513184285
32.46872685,1.668928157,1.515302914
32.51039352,1.672674226,1.517197152
32.55206019,1.675969907,1.518869894
32.59372685,1.678793052,1.520325328
32.63539352,1.681124209,1.52156859
32.67706019,1.682946709,1.522605404
32.71872685,1.684246713,1.523441749
32.76039352,1.685013214,1.524083556
32.80206019,1.68523804,1.52453647
32.84372685,1.684915855,1.52480567
32.88539352,1.684044188,1.52489577
32.92706019,1.682623494,1.524810793
32.96872685,1.680657251,1.524554219
