32.01039352,2.742360366,2.217426479
32.05206019,3.716588391,2.223114599
32.09372685,4.558838619,2.225813541
32.13539352,4.931584592,2.236165238
32.17706019,4.723767829,2.250890802
32.21872685,4.134968815,2.249916277
32.26039352,3.486041167,2.23464335
32.30206019,2.945848768,2.227155432
32.34372685,2.498296251,2.239343755
32.38539352,2.119293835,2.276498256
32.42706019,1.859333707,2.343289913
32.46872685,1.754700268,2.445929577
32.51039352,1.754329102,2.56434569
32.55206019,1.760121929,2.643945546
32.59372685,1.704724786,2.647183603
32.63539352,1.596164265,2.574724798
32.67706019,1.521298666,2.465248324
32.71872685,1.590279826,2.374782185
32.76039352,1.8225338,2.3211289
32.80206019,2.08701439,2.298285131
32.84372685,2.216019096,2.299118397
32.88539352,2.179866713,2.286169646
32.92706019,2.078702235,2.249952681
32.96872685,1.975110333,2.229137145
