32.09372685,25.66760363,73.48457356
32.13539352,29.10307164,77.27985264
32.17706019,31.33916564,79.84818673
32.21872685,32.63035947,81.32727292
32.26039352,33.3984996,82.07849702
32.30206019,34.01177068,82.41187732
32.34372685,34.60200684,82.51389024
32.38539352,34.99508586,82.48032254
32.42706019,34.77611859,82.36450095
32.46872685,33.45653021,82.20844187
32.51039352,30.67351631,82.0546766
32.55206019,26.34632794,81.94426351
32.59372685,20.73855572,81.90760625
32.63539352,14.41723997,81.95512636
32.67706019,8.137082281,82.07381446
32.71872685,2.694849688,82.23248119
32.76039352,-1.207092388,82.39475744
32.80206019,-3.067430894,82.535687
32.84372685,-2.657886643,82.65485947
32.88539352,-0.06056240694,82.7780728
32.92706019,4.334212122,82.94390785
32.96872685,9.88031669,83.18109041
33.01039352,15.78578588,83.49038671
33.05206019,21.27008777,83.84290877
