31.96872685,1.435448886,0.7465086902
32.01039352,1.446814713,0.7493856234
32.05206019,1.473083513,0.7501027573
32.09372685,1.434800086,0.7462708432
32.13539352,1.489589738,0.7475069777
32.17706019,1.433753774,0.7484820487
32.21872685,1.600926481,0.748439464
32.26039352,1.487493281,0.7482146371
32.30206019,1.421965939,0.7482885206
32.34372685,1.573234487,0.7476553497
32.38539352,1.6601241,0.7473344283
32.42706019,1.527416246,0.7482992841
32.46872685,1.493183959,0.749359793
32.51039352,1.453426438,0.7492476208
32.55206019,1.45191542,0.7495465794
32.59372685,1.534761055,0.7482757434
32.63539352,1.466296492,0.7504351803
32.67706019,1.432008151,0.7484457957
32.71872685,1.484270225,0.7493808289
32.76039352,1.433784403,0.748324584
32.80206019,1.447752429,0.7482032125
32.84372685,1.459835199,0.7492815285
32.88539352,1.421043785,0.7476094354
32.92706019,1.455530886,0.7495315462
