31.96872685,1.371868076,0.923845032
32.01039352,1.393430665,0.9265292577
32.05206019,1.410016862,0.9278636953
32.09372685,1.422608722,0.928518162
32.13539352,1.432381043,0.9288772849
32.17706019,1.440391287,0.9291303273
32.21872685,1.447420461,0.9293479771
32.26039352,1.453924943,0.9295388236
32.30206019,1.460059143,0.9296878036
32.34372685,1.465738124,0.9297804163
32.38539352,1.470719917,0.929815304
32.42706019,1.474694771,0.9298069969
32.46872685,1.477371872,0.9297810587
32.51039352,1.478554028,0.9297649193
32.55206019,1.478189822,0.9297784339
32.59372685,1.476393418,0.9298279571
32.63539352,1.473426885,0.9299059727
32.67706019,1.469648446,0.9299954602
32.71872685,1.465440348,0.9300760535
32.76039352,1.461137464,0.9301294764
32.80206019,1.456978511,0.9301439078
32.84372685,1.453094403,0.9301177605
32.88539352,1.44953537,0.9300615468
32.92706019,1.446325185,0.929994879
