32.09372685,5.097524389,16.64528658
32.13539352,5.588157441,17.52271553
32.17706019,6.033797617,18.07545225
32.21872685,6.514258706,18.32816463
32.26039352,7.08995973,18.44019145
32.30206019,7.667592482,18.51129921
32.34372685,8.105451469,18.55256197
32.38539352,8.421952283,18.55405739
32.42706019,8.804674412,18.52369483
32.46872685,9.38218442,18.46681395
32.51039352,10.07538283,18.37988838
32.55206019,10.68808587,18.29585978
32.59372685,10.96787794,18.25877232
32.63539352,10.53116588,18.2745362
32.67706019,9.028622619,18.34610711
32.71872685,6.637886671,18.45131479
32.76039352,4.229747287,18.51255783
32.80206019,2.759095418,18.54942243
32.84372685,2.484954631,18.66442709
32.88539352,2.906620277,18.7716909
32.92706019,3.385659735,18.69661499
32.96872685,3.68646658,18.523357
33.01039352,3.96693738,18.50257103
33.05206019,4.419374459,18.74319603
