31.96872685,1.374228879,0.250717037
32.01039352,1.356910232,0.2508453785
32.05206019,1.339403573,0.2509727276
32.09372685,1.321801612,0.2510938243
32.13539352,1.304194858,0.2512040782
32.17706019,1.286670867,0.2512995777
32.21872685,1.269313543,0.2513770687
32.26039352,1.252202508,0.2514339063
32.30206019,1.235412544,0.2514679852
32.34372685,1.219013099,0.2514776555
32.38539352,1.203067883,0.2514616297
32.42706019,1.18763453,0.2514188902
32.46872685,1.172764357,0.2513486031
32.51039352,1.158502185,0.2512500458
32.55206019,1.144886253,0.2511225527
32.59372685,1.131948197,0.2509654849
32.63539352,1.119713108,0.2507782252
32.67706019,1.108199655,0.2505601984
32.71872685,1.097420267,0.2503109184
32.76039352,1.087381378,0.2500300552
32.80206019,1.078083716,0.2497175213
32.84372685,1.069522637,0.2493735681
32.88539352,1.061688498,0.2489988876
32.92706019,1.054567051,0.2485947109
