27.80206019,-0.9988328865,1.8569284e-07
27.84372685,-0.9984075781,3.173343795e-07
27.88539352,-0.9979361673,5.108315451e-07
27.92706019,-0.997418931,7.815074342e-07
27.96872685,-0.9968561474,1.146355955e-06
28.01039352,-0.9962480965,1.624060543e-06
28.05206019,-0.99559506,2.235011843e-06
28.09372685,-0.9948973209,3.001324321e-06
28.13539352,-0.9941551637,3.946851802e-06
28.17706019,-0.9933688744,5.097201942e-06
28.21872685,-0.9925387402,6.479749595e-06
28.26039352,-0.9916650497,8.123649095e-06
28.30206019,-0.9907480928,1.005984549e-05
28.34372685,-0.9897881603,1.232108454e-05
28.38539352,-0.9887855445,1.494192178e-05
28.42706019,-0.9877405385,1.795873036e-05
28.46872685,-0.9866534367,2.140970781e-05
28.51039352,-0.9855245342,2.533488168e-05
28.55206019,-0.9843541273,2.97761141e-05
28.59372685,-0.983142513,3.477710519e-05
28.63539352,-0.9818899895,4.038339537e-05
28.67706019,-0.9805968554,4.664236661e-05
28.71872685,-0.9792634103,5.360324249e-05
28.76039352,-0.9778899547,6.131708716e-05
