32.09372685,1.862830887,2.424181066
32.13539352,1.895712599,2.426550886
32.17706019,1.948859314,2.429541907
32.21872685,1.948254055,2.430429961
32.26039352,1.842035349,2.429805624
32.30206019,1.696438679,2.429235558
32.34372685,1.634820643,2.430032161
32.38539352,1.694387292,2.432462819
32.42706019,1.82837694,2.433919396
32.46872685,2.015867792,2.435721412
32.51039352,2.246466509,2.439968024
32.55206019,2.453169742,2.444107114
32.59372685,2.571128266,2.445791292
32.63539352,2.598181728,2.446618363
32.67706019,2.536285481,2.448124373
32.71872685,2.365385035,2.44866897
32.76039352,2.128463556,2.447229811
32.80206019,1.94057897,2.445796098
32.84372685,1.866875799,2.446687904
32.88539352,1.868186492,2.448370673
32.92706019,1.881748386,2.448275683
32.96872685,1.884983909,2.447082468
33.01039352,1.89116059,2.445555418
33.05206019,1.927431643,2.445343594
