32.09372685,24.08322386,47.46756491
32.13539352,27.46140067,47.67793524
32.17706019,29.43065524,47.87097937
32.21872685,29.93576152,48.03849481
32.26039352,29.14472461,48.18081766
32.30206019,27.3900737,48.30280919
32.34372685,25.07700567,48.40923271
32.38539352,22.57880244,48.50264423
32.42706019,20.14665822,48.58475546
32.46872685,17.86166711,48.65914438
32.51039352,15.64683152,48.73242767
32.55206019,13.33716256,48.81321152
32.59372685,10.78374518,48.91038528
32.63539352,7.953760291,49.03168913
32.67706019,4.990048364,49.18122589
32.71872685,2.209762938,49.35519501
32.76039352,0.04370765373,49.53968104
32.80206019,-1.063722285,49.71657996
32.84372685,-0.7651500204,49.87734219
32.88539352,1.097018614,50.03393372
32.92706019,4.437481423,50.21544985
32.96872685,8.926628213,50.4511192
33.01039352,14.04147931,50.75294999
33.05206019,19.15784416,51.11021197
