27.76039352,-0.9926746643,5353.963922
27.80206019,-0.9882644772,5803.291006
27.84372685,-0.983606677,6258.639832
27.88539352,-0.9787228885,6718.47575
27.92706019,-0.9736346423,7181.314522
27.96872685,-0.9683632542,7645.729022
28.01039352,-0.9629297136,8110.354866
28.05206019,-0.9573545834,8573.89498
28.09372685,-0.9516579114,9035.123137
28.13539352,-0.9458591515,9492.886506
28.17706019,-0.9399770981,9946.107273
28.21872685,-0.9340298297,10393.78338
28.26039352,-0.9280346643,10834.98849
28.30206019,-0.9220081256,11268.87121
28.34372685,-0.9159659176,11694.65367
28.38539352,-0.9099229104,12111.62956
28.42706019,-0.9038931335,12519.1617
28.46872685,-0.8978897779,12916.67914
28.51039352,-0.8919252049,13303.67404
28.55206019,-0.8860109628,13679.69816
28.59372685,-0.8801578083,14044.3593
28.63539352,-0.8743757339,14397.31752
28.67706019,-0.8686740002,14738.28133
28.71872685,-0.8630611709,15067.00381
