32.09372685,11.20557515,89.16771208
32.13539352,13.87405223,102.6017109
32.17706019,16.04282126,110.6671078
32.21872685,16.88723225,114.7888992
32.26039352,16.37592435,117.1678254
32.30206019,15.74162504,118.8558714
32.34372685,16.50692051,120.1456937
32.38539352,19.01020768,120.9986064
32.42706019,22.11857009,121.1359764
32.46872685,24.38550836,120.7295954
32.51039352,25.61183117,120.7876224
32.55206019,27.20962554,121.0689926
32.59372685,30.35943025,121.0138185
32.63539352,33.85285141,121.1433953
32.67706019,34.5229769,121.4079141
32.71872685,30.04468031,121.6591769
32.76039352,21.40441767,121.8492221
32.80206019,12.52387668,121.9656553
32.84372685,7.041682624,122.0663313
32.88539352,5.610871978,122.0999891
32.92706019,6.417036347,122.096975
32.96872685,7.577786343,122.1090908
33.01039352,8.533832447,122.4109606
33.05206019,9.651599346,124.919599
