27.96872685,-1.013260757,1690.038203
28.01039352,-1.010560053,1992.796579
28.05206019,-1.007287996,2317.131672
28.09372685,-1.003464365,2661.986779
28.13539352,-0.9991101601,3026.24787
28.17706019,-0.9942474802,3408.753106
28.21872685,-0.988899393,3808.302438
28.26039352,-0.9830898089,4223.667177
28.30206019,-0.9768433523,4653.599401
28.34372685,-0.9701852356,5096.841085
28.38539352,-0.9631411341,5552.13285
28.42706019,-0.9557370639,6018.222248
28.46872685,-0.9479992637,6493.871466
28.51039352,-0.9399540808,6977.864423
28.55206019,-0.9316278618,7469.013166
28.59372685,-0.923046849,7966.163531
28.63539352,-0.9142370831,8468.20004
28.67706019,-0.9052243121,8974.050014
28.71872685,-0.8960339066,9482.686885
28.76039352,-0.8866907828,9993.132722
28.80206019,-0.8772193322,10504.45999
28.84372685,-0.8676433592,11015.79255
28.88539352,-0.8579860253,11526.30597
28.92706019,-0.848269801,12035.22711
