30.26039352,-1.262632945,40073.73981
30.30206019,-1.256948605,40322.71581
30.34372685,-1.251070698,40576.12096
30.38539352,-1.245011512,40833.3114
30.42706019,-1.238783826,41093.64242
30.46872685,-1.232400823,41356.47199
30.51039352,-1.225876002,41621.16411
30.55206019,-1.219223091,41887.09202
30.59372685,-1.212455965,42153.64115
30.63539352,-1.205588561,42420.2119
30.67706019,-1.198634799,42686.22215
30.71872685,-1.191608507,42951.10955
30.76039352,-1.184523349,43214.33362
30.80206019,-1.177392756,43475.37751
30.84372685,-1.170229867,43733.74961
30.88539352,-1.163047463,43988.98487
30.92706019,-1.155857921,44240.64596
30.96872685,-1.14867316,44488.3241
31.01039352,-1.1415046,44731.63983
31.05206019,-1.134363119,44970.24348
31.09372685,-1.127259024,45203.8155
31.13539352,-1.120202017,45432.06665
31.17706019,-1.113201169,45654.73801
31.21872685,-1.106264902,45871.60091
