32.01039352,2.861451822,1.718840588
32.05206019,2.938820191,1.717956131
32.09372685,2.980431263,1.717113659
32.13539352,2.983717173,1.716095534
32.17706019,2.948667444,1.714781107
32.21872685,2.877810257,1.713211496
32.26039352,2.776047022,1.711610429
32.30206019,2.650349103,1.71035267
32.34372685,2.509327981,1.709883398
32.38539352,2.362694479,1.710604968
32.42706019,2.220629843,1.712758715
32.46872685,2.093101117,1.716334855
32.51039352,1.989163469,1.721039617
32.55206019,1.916300707,1.726334779
32.59372685,1.879859157,1.731544011
32.63539352,1.882627615,1.735999382
32.67706019,1.924606232,1.739187763
32.71872685,2.002990713,1.740856067
32.76039352,2.112377205,1.741046983
32.80206019,2.245170757,1.740058519
32.84372685,2.392159687,1.738343464
32.88539352,2.543202779,1.736381029
32.92706019,2.687967943,1.734557744
32.96872685,2.816660707,1.733088193
