32.09372685,14.43231933,98.65576858
32.13539352,16.60276117,118.9989324
32.17706019,18.83810271,134.1515656
32.21872685,21.17773927,142.2735481
32.26039352,23.95158993,145.709918
32.30206019,27.5739441,146.9506025
32.34372685,32.15518365,147.3225918
32.38539352,37.19148586,147.350579
32.42706019,41.57251204,147.2272613
32.46872685,43.98641679,147.0444237
32.51039352,43.48708517,146.8694541
32.55206019,39.84626342,146.7579315
32.59372685,33.55251681,146.7485058
32.63539352,25.61437059,146.8574549
32.67706019,17.30937021,147.0750482
32.71872685,9.903404905,147.3638149
32.76039352,4.400268728,147.6649357
32.80206019,1.384999974,147.919
32.84372685,0.9449637167,148.0935991
32.88539352,2.673873162,148.1993354
32.92706019,5.808259213,148.2903392
32.96872685,9.477397533,148.4739835
33.01039352,12.96312345,148.9397874
33.05206019,15.85682024,149.9137551
