31.71872685,1.630429136,1.472099732
31.76039352,1.630429593,1.472099732
31.80206019,1.630430026,1.472099732
31.84372685,1.630430433,1.472099732
31.88539352,1.630430814,1.472099732
31.92706019,1.630431169,1.472099732
31.96872685,1.630431498,1.472099732
32.01039352,1.630431801,1.472099732
32.05206019,1.63043208,1.472099732
32.09372685,1.630432336,1.472099732
32.13539352,1.63043257,1.472099732
32.17706019,1.630432783,1.472099732
32.21872685,1.630432976,1.472099732
32.26039352,1.630433152,1.472099732
32.30206019,1.630433311,1.472099732
32.34372685,1.630433455,1.472099732
32.38539352,1.630433585,1.472099732
32.42706019,1.630433703,1.472099732
32.46872685,1.630433809,1.472099732
32.51039352,1.630433904,1.472099732
32.55206019,1.63043399,1.472099732
32.59372685,1.630434067,1.472099732
32.63539352,1.630434136,1.472099732
32.67706019,1.630434199,1.472099732
