32.09372685,2.056733413,4.803067776
32.13539352,2.115027992,4.804054897
32.17706019,2.222887527,4.806425005
32.21872685,2.383871979,4.808030972
32.26039352,2.595004367,4.807092327
32.30206019,2.845354026,4.803176778
32.34372685,3.11485183,4.797332746
32.38539352,3.375126179,4.791192107
32.42706019,3.593766978,4.785937706
32.46872685,3.741439911,4.782016356
32.51039352,3.799176624,4.779637213
32.55206019,3.762688333,4.779401778
32.59372685,3.642073198,4.782370075
32.63539352,3.457648918,4.789381366
32.67706019,3.234271068,4.800104682
32.71872685,2.996563193,4.812616018
32.76039352,2.766224325,4.823977875
32.80206019,2.560995687,4.831491114
32.84372685,2.394101869,4.833739772
32.88539352,2.273506295,4.830871414
32.92706019,2.201464887,4.824276349
32.96872685,2.175328892,4.816002622
33.01039352,2.189710866,4.807991496
33.05206019,2.238791488,4.80135827
