31.92706019,1.353539245,0.5719825433
31.96872685,1.353538737,0.5719825433
32.01039352,1.353538265,0.5719825433
32.05206019,1.353537833,0.5719825433
32.09372685,1.353537442,0.5719825433
32.13539352,1.353537093,0.5719825433
32.17706019,1.353536786,0.5719825433
32.21872685,1.353536518,0.5719825433
32.26039352,1.353536288,0.5719825433
32.30206019,1.353536094,0.5719825433
32.34372685,1.353535931,0.5719825433
32.38539352,1.353535797,0.5719825433
32.42706019,1.353535688,0.5719825433
32.46872685,1.3535356,0.5719825433
32.51039352,1.353535531,0.5719825433
32.55206019,1.353535478,0.5719825433
32.59372685,1.353535437,0.5719825433
32.63539352,1.353535407,0.5719825433
32.67706019,1.353535385,0.5719825433
32.71872685,1.35353537,0.5719825433
32.76039352,1.353535359,0.5719825433
32.80206019,1.353535352,0.5719825433
32.84372685,1.353535348,0.5719825433
32.88539352,1.353535346,0.5719825433
