32.09372685,1.715224046,2.082081306
32.13539352,1.628117039,2.082051254
32.17706019,1.623986078,2.082050613
32.21872685,1.623947344,2.082052731
32.26039352,1.650910331,2.084792791
32.30206019,1.735251191,2.131030245
32.34372685,1.715135406,2.101096567
32.38539352,1.738060998,2.131061687
32.42706019,1.714806767,2.101097207
32.46872685,1.738647952,2.131059791
32.51039352,1.687527498,2.098353577
32.55206019,1.655130096,2.084829383
32.59372685,1.775076047,2.135828322
32.63539352,1.854673238,2.156882575
32.67706019,1.863716275,2.157156596
32.71872685,1.863904601,2.157156715
32.76039352,1.863905282,2.157156715
32.80206019,1.863882417,2.157156713
32.84372685,1.861626258,2.157142061
32.88539352,1.822614693,2.152237185
32.92706019,1.733052593,2.098580759
32.96872685,1.777848619,2.082083746
33.01039352,1.739322495,2.084799598
33.05206019,1.779385572,2.13582744
