32.01039352,2.177118351,6.276807495
32.05206019,2.28037041,6.3331444
32.09372685,2.298228692,6.334803068
32.13539352,2.299759619,6.334834648
32.17706019,2.298315737,6.334805985
32.21872685,2.282151518,6.333417285
32.26039352,2.193455193,6.291018688
32.30206019,1.967255081,5.916557033
32.34372685,1.771129759,5.282177981
32.38539352,1.876723389,5.65946963
32.42706019,2.128535844,6.22279504
32.46872685,2.262577822,6.329545492
32.51039352,2.278370173,6.333312212
32.55206019,2.194329313,6.291020125
32.59372685,1.970136658,5.916443043
32.63539352,1.769206795,5.282072753
32.67706019,1.837763221,5.623836914
32.71872685,2.017961704,5.813040237
32.76039352,2.21911746,5.274902281
32.80206019,2.610315953,5.366461878
32.84372685,2.731025378,5.160147841
32.88539352,2.123582669,4.97954962
32.92706019,1.548091482,4.978159491
32.96872685,1.585984904,4.977544802
