32.09372685,1.109465168,0.4615548218
32.13539352,1.11159752,0.4618461967
32.17706019,1.113990229,0.4621376619
32.21872685,1.116629802,0.4624270801
32.26039352,1.119502428,0.4627123768
32.30206019,1.122594015,0.4629915556
32.34372685,1.125890239,0.4632627138
32.38539352,1.129376581,0.4635240567
32.42706019,1.13303838,0.4637739117
32.46872685,1.136860869,0.4640107406
32.51039352,1.140829224,0.4642331508
32.55206019,1.144928606,0.464439906
32.59372685,1.149144206,0.4646299344
32.63539352,1.153461283,0.464802336
32.67706019,1.157865213,0.4649563881
32.71872685,1.162341523,0.4650915492
32.76039352,1.166875932,0.4652074611
32.80206019,1.171454393,0.4653039495
32.84372685,1.176063125,0.4653810225
32.88539352,1.180688652,0.4654388674
32.92706019,1.185317834,0.4654778463
32.96872685,1.1899379,0.4654984895
33.01039352,1.19453648,0.4655014873
33.05206019,1.199101632,0.4654876806
