32.09372685,1.309696864,1.04604513
32.13539352,1.340313977,1.045100276
32.17706019,1.388457012,1.044282596
32.21872685,1.451200299,1.043636608
32.26039352,1.524689035,1.043158891
32.30206019,1.604302951,1.042813572
32.34372685,1.68488093,1.04255288
32.38539352,1.761014093,1.042336817
32.42706019,1.82740284,1.04214795
32.46872685,1.879257236,1.041999168
32.51039352,1.912703695,1.041933418
32.55206019,1.925148881,1.042015116
32.59372685,1.915548483,1.042313773
32.63539352,1.884536478,1.042882181
32.67706019,1.834389261,1.043733801
32.71872685,1.7688247,1.044825958
32.76039352,1.692662802,1.046055609
32.80206019,1.611395701,1.047271892
32.84372685,1.53072505,1.048304628
32.88539352,1.456122993,1.049002108
32.92706019,1.392460137,1.049267201
32.96872685,1.343725072,1.049080301
33.01039352,1.312840213,1.048501602
33.05206019,1.301563284,1.047652172
