32.01039352,1.469646482,1.209630976
32.05206019,1.53706883,1.209780275
32.09372685,1.61491125,1.209694189
32.13539352,1.695572677,1.209357677
32.17706019,1.769950609,1.208926266
32.21872685,1.829418536,1.208631982
32.26039352,1.868097338,1.208658857
32.30206019,1.884353994,1.2090668
32.34372685,1.880582916,1.209781744
32.38539352,1.861229124,1.210633275
32.42706019,1.830236626,1.211430688
32.46872685,1.789595323,1.212054888
32.51039352,1.739820234,1.212504178
32.55206019,1.681693361,1.212849112
32.59372685,1.617756205,1.21313455
32.63539352,1.55249202,1.213316913
32.67706019,1.491293999,1.213285429
32.71872685,1.439121447,1.212945865
32.76039352,1.39969152,1.212309321
32.80206019,1.375442717,1.211527575
32.84372685,1.36795227,1.210839985
32.88539352,1.378326501,1.210452226
32.92706019,1.407226062,1.210422671
32.96872685,1.454420947,1.210630876
