30.01039352,1.098243545,7488.772471
30.05206019,1.10211069,8011.445084
30.09372685,1.105930719,8540.273841
30.13539352,1.109696573,9074.061407
30.17706019,1.113400892,9611.639653
30.21872685,1.117036077,10151.87126
30.26039352,1.120594354,10693.65145
30.30206019,1.12406783,11235.90992
30.34372685,1.127448562,11777.61324
30.38539352,1.130728614,12317.76767
30.42706019,1.133900125,12855.4224
30.46872685,1.136955367,13389.67333
30.51039352,1.139886801,13919.66715
30.55206019,1.142687141,14444.6056
30.59372685,1.145349401,14963.74987
30.63539352,1.147866948,15476.42466
30.67706019,1.150233552,15982.02196
30.71872685,1.152443424,16480.00417
30.76039352,1.154491259,16969.90622
30.80206019,1.15637227,17451.33683
30.84372685,1.158082218,17923.97829
30.88539352,1.159617441,18387.58505
30.92706019,1.160974871,18841.98075
30.96872685,1.162152058,19287.05384
