31.92706019,-0.9129235098,10858.71326
31.96872685,-0.9051244877,11423.88425
32.01039352,-0.8972410377,11989.26324
32.05206019,-0.8892921639,12554.14572
32.09372685,-0.8812959287,13117.9006
32.13539352,-0.8732694288,13679.96402
32.17706019,-0.8652287807,14239.83234
32.21872685,-0.857189116,14797.05451
32.26039352,-0.8491645861,15351.22404
32.30206019,-0.841168375,15901.9706
32.34372685,-0.8332127206,16448.95162
32.38539352,-0.8253089437,16991.84388
32.42706019,-0.8174674839,17530.33523
32.46872685,-0.8096979428,18064.11673
32.51039352,-0.8020091325,18592.8751
32.55206019,-0.7944091292,19116.28581
32.59372685,-0.7869053324,19634.00671
32.63539352,-0.779504527,20145.67238
32.67706019,-0.7722129491,20650.8893
32.71872685,-0.7650363544,21149.23181
32.76039352,-0.7579800883,21640.23892
32.80206019,-0.7510491564,22123.41216
32.84372685,-0.744248297,22598.21425
32.88539352,-0.737582051,23064.06884
